2024-12-11 19:15:01.867+0000 INFO  Initializing system graph model for component 'security-users' with version -1 and status UNINITIALIZED
2024-12-11 19:15:01.875+0000 INFO  Setting up initial user from `auth.ini` file: neo4j
2024-12-11 19:15:01.875+0000 INFO  Creating new user 'neo4j' (passwordChangeRequired=false, suspended=false)
2024-12-11 19:15:01.895+0000 INFO  Setting version for 'security-users' to 3
2024-12-11 19:15:01.900+0000 INFO  After initialization of system graph model component 'security-users' have version 3 and status CURRENT
2024-12-11 19:15:01.905+0000 INFO  Performing postInitialization step for component 'security-users' with version 3 and status CURRENT
2024-12-11 19:15:01.987+0000 INFO  Initializing system graph model for component 'security-privileges' with version -1 and status UNINITIALIZED
2024-12-11 19:15:01.989+0000 INFO  Initializing security model with 6 roles
2024-12-11 19:15:02.070+0000 INFO  Setting version for 'security-privileges' to 4
2024-12-11 19:15:02.075+0000 INFO  Upgrading 'security-privileges' version property from 4 to 5
2024-12-11 19:15:02.081+0000 INFO  Upgrading 'security-privileges' version property from 5 to 6
2024-12-11 19:15:02.085+0000 INFO  Upgrading 'security-privileges' version property from 6 to 7
2024-12-11 19:15:02.086+0000 INFO  Upgrading 'security-privileges' version property from 7 to 8
2024-12-11 19:15:02.086+0000 INFO  Upgrading 'security-privileges' version property from 8 to 9
2024-12-11 19:15:02.093+0000 INFO  Upgrading 'security-privileges' version property from 9 to 10
2024-12-11 19:15:02.093+0000 INFO  Upgrading 'security-privileges' version property from 10 to 11
2024-12-11 19:15:02.094+0000 INFO  Upgrading 'security-privileges' version property from 11 to 12
2024-12-11 19:15:02.105+0000 INFO  Assigned admin role to user 'neo4j'.
2024-12-11 19:15:02.111+0000 INFO  After initialization of system graph model component 'security-privileges' have version 12 and status CURRENT
2024-12-11 19:33:43.399+0000 INFO  [neo4j]: logged in
2024-12-11 19:33:45.197+0000 INFO  [neo4j]: logged in
2024-12-11 19:33:45.247+0000 INFO  [neo4j]: logged in
2024-12-11 19:33:45.278+0000 INFO  [neo4j]: logged in
2024-12-11 19:33:45.313+0000 INFO  [neo4j]: logged in
2024-12-11 19:33:45.345+0000 INFO  [neo4j]: logged in
2024-12-11 19:33:54.589+0000 INFO  [neo4j]: CREATE DATABASE test
2024-12-11 20:11:53.617+0000 INFO  [neo4j]: logged in
2024-12-11 20:11:53.728+0000 INFO  [neo4j]: logged in
2024-12-11 20:11:53.780+0000 INFO  [neo4j]: logged in
2024-12-11 20:11:53.793+0000 INFO  [neo4j]: logged in
2024-12-11 20:11:53.806+0000 INFO  [neo4j]: logged in
2024-12-11 20:11:53.820+0000 INFO  [neo4j]: logged in
2024-12-11 20:12:02.276+0000 INFO  [neo4j]: logged in
2024-12-11 20:12:02.402+0000 INFO  [neo4j]: logged in
2024-12-11 20:12:02.427+0000 INFO  [neo4j]: logged in
2024-12-11 20:12:02.439+0000 INFO  [neo4j]: logged in
2024-12-11 20:12:02.452+0000 INFO  [neo4j]: logged in
2024-12-11 20:12:02.466+0000 INFO  [neo4j]: logged in
2024-12-11 20:34:07.244+0000 INFO  [neo4j]: logged in
2024-12-11 20:34:07.273+0000 INFO  [neo4j]: logged in
2024-12-11 21:12:18.312+0000 INFO  [neo4j]: logged in
2024-12-11 21:12:18.326+0000 INFO  [neo4j]: logged in
2024-12-11 21:12:18.341+0000 INFO  [neo4j]: logged in
2024-12-11 21:34:07.265+0000 INFO  [neo4j]: logged in
2024-12-11 21:34:07.315+0000 INFO  [neo4j]: logged in
2024-12-11 21:46:57.269+0000 INFO  [neo4j]: logged in
2024-12-11 21:51:24.511+0000 INFO  [neo4j]: logged in
2024-12-11 21:51:24.697+0000 INFO  [neo4j]: logged in
2024-12-11 21:51:24.727+0000 INFO  [neo4j]: logged in
2024-12-11 21:51:24.754+0000 INFO  [neo4j]: logged in
2024-12-11 21:51:24.767+0000 INFO  [neo4j]: logged in
2024-12-11 21:51:24.779+0000 INFO  [neo4j]: logged in
2024-12-11 21:52:01.126+0000 INFO  [neo4j]: logged in
2024-12-11 22:02:50.667+0000 INFO  [neo4j]: logged in
2024-12-11 22:04:31.156+0000 INFO  [neo4j]: logged in
2024-12-11 22:13:07.270+0000 INFO  [neo4j]: logged in
2024-12-11 22:13:07.331+0000 INFO  [neo4j]: logged in
2024-12-11 22:13:07.348+0000 INFO  [neo4j]: logged in
2024-12-11 22:15:51.299+0000 INFO  [neo4j]: logged in
2024-12-11 22:17:58.354+0000 INFO  [neo4j]: logged in
2024-12-11 22:18:25.817+0000 INFO  [neo4j]: logged in
2024-12-11 22:18:25.951+0000 INFO  [neo4j]: logged in
2024-12-11 22:18:25.977+0000 INFO  [neo4j]: logged in
2024-12-11 22:18:25.989+0000 INFO  [neo4j]: logged in
2024-12-11 22:18:26.002+0000 INFO  [neo4j]: logged in
2024-12-11 22:18:26.016+0000 INFO  [neo4j]: logged in
2024-12-11 22:20:28.935+0000 INFO  [neo4j]: logged in
2024-12-11 22:21:03.845+0000 INFO  [neo4j]: logged in
2024-12-11 22:21:31.693+0000 INFO  [neo4j]: logged in
2024-12-11 22:24:22.485+0000 INFO  [neo4j]: logged in
2024-12-11 22:34:07.338+0000 INFO  [neo4j]: logged in
2024-12-11 22:34:11.297+0000 INFO  [neo4j]: logged in
2024-12-11 22:34:34.726+0000 INFO  [neo4j]: logged in
2024-12-11 22:35:07.309+0000 INFO  [neo4j]: logged in
2024-12-11 22:35:28.970+0000 INFO  [neo4j]: logged in
2024-12-11 22:37:58.638+0000 INFO  [neo4j]: logged in
2024-12-11 22:38:05.704+0000 INFO  [neo4j]: logged in
2024-12-11 22:38:05.846+0000 INFO  [neo4j]: logged in
2024-12-11 22:38:05.909+0000 INFO  [neo4j]: logged in
2024-12-11 22:38:05.925+0000 INFO  [neo4j]: logged in
2024-12-11 22:38:05.938+0000 INFO  [neo4j]: logged in
2024-12-11 22:38:05.952+0000 INFO  [neo4j]: logged in
2024-12-11 22:43:09.064+0000 INFO  [neo4j]: logged in
2024-12-11 22:43:25.311+0000 INFO  [neo4j]: logged in
2024-12-11 22:43:25.443+0000 INFO  [neo4j]: logged in
2024-12-11 22:43:25.479+0000 INFO  [neo4j]: logged in
2024-12-11 22:43:25.481+0000 INFO  [neo4j]: logged in
2024-12-11 22:43:25.494+0000 INFO  [neo4j]: logged in
2024-12-11 22:43:25.508+0000 INFO  [neo4j]: logged in
2024-12-11 22:44:14.607+0000 INFO  [neo4j]: logged in
2024-12-11 22:45:54.860+0000 INFO  [neo4j]: logged in
2024-12-11 22:46:52.251+0000 INFO  [neo4j]: logged in
2024-12-11 22:50:52.197+0000 INFO  [neo4j]: logged in
2024-12-11 22:52:01.514+0000 INFO  [neo4j]: logged in
2024-12-11 22:55:14.118+0000 INFO  [neo4j]: logged in
2024-12-11 22:55:43.304+0000 INFO  [neo4j]: logged in
2024-12-11 22:57:33.626+0000 INFO  [neo4j]: logged in
2024-12-11 22:58:14.093+0000 INFO  [neo4j]: logged in
2024-12-11 22:59:03.393+0000 INFO  [neo4j]: logged in
2024-12-11 22:59:14.327+0000 INFO  [neo4j]: logged in
2024-12-11 22:59:14.467+0000 INFO  [neo4j]: logged in
2024-12-11 22:59:14.493+0000 INFO  [neo4j]: logged in
2024-12-11 22:59:14.504+0000 INFO  [neo4j]: logged in
2024-12-11 22:59:14.517+0000 INFO  [neo4j]: logged in
2024-12-11 22:59:14.531+0000 INFO  [neo4j]: logged in
2024-12-11 22:59:29.904+0000 INFO  [neo4j]: logged in
2024-12-11 23:00:32.432+0000 INFO  [neo4j]: logged in
2024-12-11 23:00:32.587+0000 INFO  [neo4j]: logged in
2024-12-11 23:00:32.619+0000 INFO  [neo4j]: logged in
2024-12-11 23:00:32.632+0000 INFO  [neo4j]: logged in
2024-12-11 23:00:32.644+0000 INFO  [neo4j]: logged in
2024-12-11 23:00:32.657+0000 INFO  [neo4j]: logged in
2024-12-11 23:02:12.745+0000 INFO  [neo4j]: logged in
2024-12-11 23:04:36.599+0000 INFO  [neo4j]: logged in
2024-12-11 23:05:52.572+0000 INFO  [neo4j]: logged in
2024-12-11 23:06:22.068+0000 INFO  [neo4j]: logged in
2024-12-11 23:08:58.544+0000 INFO  [neo4j]: logged in
2024-12-11 23:10:41.971+0000 INFO  [neo4j]: logged in
2024-12-11 23:13:32.456+0000 INFO  [neo4j]: logged in
2024-12-11 23:13:57.059+0000 INFO  [neo4j]: logged in
2024-12-11 23:14:48.224+0000 INFO  [neo4j]: logged in
2024-12-11 23:15:50.152+0000 INFO  [neo4j]: logged in
2024-12-11 23:35:07.253+0000 INFO  [neo4j]: logged in
2024-12-11 23:36:07.298+0000 INFO  [neo4j]: logged in
2024-12-11 23:38:07.257+0000 INFO  [neo4j]: logged in
2024-12-11 23:38:07.353+0000 INFO  [neo4j]: logged in
2024-12-12 00:00:44.272+0000 INFO  [neo4j]: logged in
2024-12-12 00:00:44.302+0000 INFO  [neo4j]: logged in
2024-12-12 00:00:44.316+0000 INFO  [neo4j]: logged in
2024-12-16 21:50:01.458+0000 INFO  Performing postInitialization step for component 'security-users' with version 3 and status CURRENT
2024-12-16 21:50:01.462+0000 INFO  Updating the initial password in component 'security-users'
2024-12-16 21:50:06.980+0000 INFO  [neo4j]: logged in
2024-12-16 21:50:08.822+0000 INFO  [neo4j]: logged in
2024-12-16 21:50:09.033+0000 INFO  [neo4j]: logged in
2024-12-16 21:50:09.077+0000 INFO  [neo4j]: logged in
2024-12-16 21:50:09.139+0000 INFO  [neo4j]: logged in
2024-12-16 21:50:09.184+0000 INFO  [neo4j]: logged in
2024-12-16 22:06:46.735+0000 INFO  [neo4j]: logged in
2024-12-16 22:06:46.935+0000 INFO  [neo4j]: logged in
2024-12-16 22:06:46.949+0000 INFO  [neo4j]: logged in
2024-12-16 22:06:46.964+0000 INFO  [neo4j]: logged in
2024-12-16 22:06:46.978+0000 INFO  [neo4j]: logged in
2024-12-16 22:06:46.992+0000 INFO  [neo4j]: logged in
2024-12-16 22:07:50.132+0000 INFO  [neo4j]: logged in
2024-12-16 22:08:45.700+0000 INFO  [neo4j]: logged in
2024-12-16 22:21:36.264+0000 INFO  [neo4j]: logged in
2024-12-16 22:24:14.379+0000 INFO  [neo4j]: logged in
2024-12-16 22:25:48.199+0000 INFO  [neo4j]: logged in
2024-12-16 22:27:32.571+0000 INFO  [neo4j]: logged in
2024-12-16 22:32:58.575+0000 INFO  [neo4j]: logged in
2024-12-16 22:34:16.560+0000 INFO  [neo4j]: logged in
2024-12-16 22:41:53.795+0000 INFO  [neo4j]: logged in
2024-12-16 22:42:25.713+0000 INFO  [neo4j]: logged in
2024-12-16 22:45:00.023+0000 INFO  [neo4j]: logged in
2024-12-16 22:45:00.155+0000 INFO  [neo4j]: logged in
2024-12-16 22:45:00.195+0000 INFO  [neo4j]: logged in
2024-12-16 22:45:00.208+0000 INFO  [neo4j]: logged in
2024-12-16 22:45:00.221+0000 INFO  [neo4j]: logged in
2024-12-16 22:45:00.234+0000 INFO  [neo4j]: logged in
2024-12-16 22:46:05.631+0000 INFO  [neo4j]: logged in
2024-12-16 22:48:15.503+0000 INFO  [neo4j]: logged in
2024-12-16 22:49:16.347+0000 INFO  [neo4j]: logged in
2024-12-16 22:51:50.690+0000 INFO  [neo4j]: logged in
2024-12-16 23:02:30.060+0000 INFO  [neo4j]: logged in
2024-12-16 23:03:18.983+0000 INFO  [neo4j]: logged in
2024-12-16 23:03:42.753+0000 INFO  [neo4j]: logged in
2024-12-16 23:03:58.554+0000 INFO  [neo4j]: logged in
2024-12-16 23:04:32.351+0000 INFO  [neo4j]: logged in
2024-12-16 23:04:51.185+0000 INFO  [neo4j]: logged in
2024-12-16 23:23:40.894+0000 INFO  [neo4j]: logged in
2024-12-16 23:34:55.160+0000 INFO  [neo4j]: logged in
2024-12-16 23:58:27.095+0000 INFO  [neo4j]: logged in
2024-12-17 00:18:43.538+0000 INFO  [neo4j]: logged in
2024-12-17 00:19:10.398+0000 INFO  [neo4j]: logged in
2024-12-17 00:19:10.643+0000 INFO  [neo4j]: logged in
2024-12-17 00:19:10.657+0000 INFO  [neo4j]: logged in
2024-12-17 00:19:10.672+0000 INFO  [neo4j]: logged in
2024-12-17 00:19:10.687+0000 INFO  [neo4j]: logged in
2024-12-17 00:19:10.701+0000 INFO  [neo4j]: logged in
2024-12-17 00:21:16.242+0000 INFO  [neo4j]: logged in
2024-12-17 00:21:29.157+0000 INFO  [neo4j]: logged in
2024-12-17 00:21:29.293+0000 INFO  [neo4j]: logged in
2024-12-17 00:21:29.319+0000 INFO  [neo4j]: logged in
2024-12-17 00:21:29.332+0000 INFO  [neo4j]: logged in
2024-12-17 00:21:29.352+0000 INFO  [neo4j]: logged in
2024-12-17 00:21:29.358+0000 INFO  [neo4j]: logged in
2024-12-17 00:21:51.149+0000 INFO  [neo4j]: logged in
2024-12-17 00:21:51.322+0000 INFO  [neo4j]: logged in
2024-12-17 00:21:51.335+0000 INFO  [neo4j]: logged in
2024-12-17 00:21:51.348+0000 INFO  [neo4j]: logged in
2024-12-17 00:21:51.361+0000 INFO  [neo4j]: logged in
2024-12-17 00:21:51.373+0000 INFO  [neo4j]: logged in
2024-12-17 00:23:26.296+0000 INFO  [neo4j]: logged in
2024-12-17 00:26:35.710+0000 INFO  [neo4j]: logged in
2024-12-17 00:28:06.078+0000 INFO  [neo4j]: logged in
2024-12-17 00:29:18.649+0000 INFO  [neo4j]: logged in
2024-12-17 00:30:59.403+0000 INFO  [neo4j]: logged in
2024-12-17 00:45:25.236+0000 INFO  [neo4j]: logged in
2024-12-17 00:46:31.470+0000 INFO  [neo4j]: logged in
2024-12-17 00:54:29.579+0000 INFO  [neo4j]: logged in
2024-12-17 00:54:39.812+0000 INFO  [neo4j]: logged in
2024-12-17 00:54:39.984+0000 INFO  [neo4j]: logged in
2024-12-17 00:54:39.998+0000 INFO  [neo4j]: logged in
2024-12-17 00:54:40.010+0000 INFO  [neo4j]: logged in
2024-12-17 00:54:40.022+0000 INFO  [neo4j]: logged in
2024-12-17 00:54:40.036+0000 INFO  [neo4j]: logged in
2024-12-17 00:57:01.220+0000 INFO  [neo4j]: logged in
2024-12-17 00:58:07.290+0000 INFO  [neo4j]: logged in
2024-12-17 21:07:27.555+0000 INFO  Performing postInitialization step for component 'security-users' with version 3 and status CURRENT
2024-12-17 21:07:27.556+0000 INFO  Updating the initial password in component 'security-users'
2024-12-17 21:07:41.027+0000 INFO  [neo4j]: logged in
2024-12-17 21:09:51.580+0000 INFO  [neo4j]: logged in
2024-12-17 21:10:57.818+0000 INFO  [neo4j]: logged in
2024-12-17 21:10:58.281+0000 INFO  [neo4j]: logged in
2024-12-17 21:10:58.346+0000 INFO  [neo4j]: logged in
2024-12-17 21:10:58.379+0000 INFO  [neo4j]: logged in
2024-12-17 21:10:58.456+0000 INFO  [neo4j]: logged in
2024-12-17 21:10:58.465+0000 INFO  [neo4j]: logged in
2024-12-17 21:12:46.406+0000 INFO  [neo4j]: logged in
2024-12-17 21:14:42.312+0000 INFO  [neo4j]: logged in
2024-12-17 21:20:48.189+0000 INFO  [neo4j]: logged in
2024-12-17 21:20:57.389+0000 INFO  [neo4j]: logged in
2024-12-17 21:23:40.456+0000 INFO  [neo4j]: logged in
2024-12-17 21:24:15.742+0000 INFO  [neo4j]: logged in
2024-12-17 21:26:52.376+0000 INFO  [neo4j]: logged in
2024-12-17 21:27:26.401+0000 INFO  [neo4j]: logged in
2024-12-17 21:43:14.670+0000 INFO  [neo4j]: logged in
2024-12-17 21:45:49.765+0000 INFO  [neo4j]: logged in
2024-12-17 21:45:49.949+0000 INFO  [neo4j]: logged in
2024-12-17 21:45:49.990+0000 INFO  [neo4j]: logged in
2024-12-17 21:45:49.998+0000 INFO  [neo4j]: logged in
2024-12-17 21:45:50.013+0000 INFO  [neo4j]: logged in
2024-12-17 21:45:50.034+0000 INFO  [neo4j]: logged in
2024-12-17 21:50:07.982+0000 INFO  [neo4j]: logged in
2024-12-17 21:50:14.623+0000 INFO  [neo4j]: logged in
2024-12-17 21:50:14.792+0000 INFO  [neo4j]: logged in
2024-12-17 21:50:14.824+0000 INFO  [neo4j]: logged in
2024-12-17 21:50:14.838+0000 INFO  [neo4j]: logged in
2024-12-17 21:50:14.860+0000 INFO  [neo4j]: logged in
2024-12-17 21:50:14.874+0000 INFO  [neo4j]: logged in
2024-12-17 21:53:31.049+0000 INFO  [neo4j]: logged in
2024-12-17 21:55:04.004+0000 INFO  [neo4j]: logged in
2024-12-17 21:59:10.794+0000 INFO  [neo4j]: logged in
2024-12-17 22:02:27.707+0000 INFO  [neo4j]: logged in
2024-12-17 22:28:24.078+0000 INFO  [neo4j]: logged in
2024-12-20 23:50:25.925+0000 INFO  Performing postInitialization step for component 'security-users' with version 3 and status CURRENT
2024-12-20 23:50:25.928+0000 INFO  Updating the initial password in component 'security-users'
2024-12-20 23:51:06.350+0000 INFO  [neo4j]: logged in
2024-12-20 23:54:08.512+0000 INFO  [neo4j]: logged in
2024-12-21 19:33:40.592+0000 INFO  Performing postInitialization step for component 'security-users' with version 3 and status CURRENT
2024-12-21 19:33:40.594+0000 INFO  Updating the initial password in component 'security-users'
2024-12-22 19:05:26.463+0000 INFO  Performing postInitialization step for component 'security-users' with version 3 and status CURRENT
2024-12-22 19:05:26.469+0000 INFO  Updating the initial password in component 'security-users'
2024-12-22 19:05:41.007+0000 INFO  [neo4j]: logged in
2025-01-05 14:38:42.803+0000 INFO  Performing postInitialization step for component 'security-users' with version 3 and status CURRENT
2025-01-05 14:38:42.806+0000 INFO  Updating the initial password in component 'security-users'
2025-01-05 14:41:47.758+0000 INFO  [neo4j]: logged in
2025-01-10 23:56:51.512+0000 INFO  Performing postInitialization step for component 'security-users' with version 3 and status CURRENT
2025-01-10 23:56:51.515+0000 INFO  Updating the initial password in component 'security-users'
2025-01-10 23:57:53.478+0000 INFO  [neo4j]: logged in
2025-01-11 14:29:00.648+0000 INFO  Performing postInitialization step for component 'security-users' with version 3 and status CURRENT
2025-01-11 14:29:00.649+0000 INFO  Updating the initial password in component 'security-users'
2025-01-11 14:31:30.969+0000 INFO  [neo4j]: logged in
2025-01-11 15:36:37.027+0000 INFO  [neo4j]: logged in
2025-01-11 15:49:32.901+0000 INFO  [neo4j]: logged in
2025-01-11 15:50:18.002+0000 INFO  [neo4j]: logged in
2025-01-11 22:26:52.598+0000 INFO  Performing postInitialization step for component 'security-users' with version 3 and status CURRENT
2025-01-11 22:26:52.601+0000 INFO  Updating the initial password in component 'security-users'
2025-01-11 22:29:41.713+0000 INFO  [neo4j]: logged in
2025-01-11 23:33:14.537+0000 INFO  [neo4j]: logged in
2025-01-11 23:50:52.260+0000 INFO  [neo4j]: logged in
2025-01-12 15:35:28.324+0000 INFO  Performing postInitialization step for component 'security-users' with version 3 and status CURRENT
2025-01-12 15:35:28.327+0000 INFO  Updating the initial password in component 'security-users'
2025-01-12 15:36:20.361+0000 INFO  [neo4j]: logged in
2025-01-12 17:07:24.558+0000 INFO  [neo4j]: logged in
2025-01-12 17:23:13.502+0000 INFO  [neo4j]: logged in
2025-01-12 17:23:13.653+0000 INFO  [neo4j]: logged in
2025-01-12 17:23:13.804+0000 INFO  [neo4j]: logged in
2025-01-12 18:41:56.154+0000 INFO  [neo4j]: logged in
2025-01-12 19:06:08.977+0000 INFO  [neo4j]: logged in
2025-01-12 21:15:26.865+0000 INFO  Performing postInitialization step for component 'security-users' with version 3 and status CURRENT
2025-01-12 21:15:26.868+0000 INFO  Updating the initial password in component 'security-users'
2025-01-12 21:18:04.111+0000 INFO  [neo4j]: logged in
2025-01-12 21:18:04.111+0000 INFO  [neo4j]: logged in
2025-01-12 21:53:58.172+0000 INFO  [neo4j]: logged in
2025-01-12 22:40:17.675+0000 INFO  [neo4j]: logged in
2025-01-12 22:40:17.675+0000 INFO  [neo4j]: logged in
2025-01-20 18:45:42.154+0000 INFO  Performing postInitialization step for component 'security-users' with version 3 and status CURRENT
2025-01-20 18:45:42.157+0000 INFO  Updating the initial password in component 'security-users'
2025-01-20 18:46:03.173+0000 INFO  [neo4j]: logged in
2025-01-20 18:46:03.383+0000 INFO  [neo4j]: logged in
2025-01-20 18:47:33.865+0000 INFO  [neo4j]: logged in
2025-01-20 18:48:48.335+0000 INFO  [neo4j]: logged in
2025-01-20 18:48:48.335+0000 INFO  [neo4j]: logged in
2025-01-20 19:22:28.378+0000 INFO  [neo4j]: logged in
2025-01-20 19:53:04.842+0000 INFO  [neo4j]: logged in
2025-01-20 19:53:04.842+0000 INFO  [neo4j]: logged in
2025-01-21 07:03:07.521+0000 INFO  Performing postInitialization step for component 'security-users' with version 3 and status CURRENT
2025-01-21 07:03:07.523+0000 INFO  Updating the initial password in component 'security-users'
2025-01-21 07:48:43.903+0000 INFO  [neo4j]: logged in
2025-01-22 21:44:57.757+0000 INFO  Performing postInitialization step for component 'security-users' with version 3 and status CURRENT
2025-01-22 21:44:57.759+0000 INFO  Updating the initial password in component 'security-users'
2025-01-22 22:05:34.516+0000 INFO  [neo4j]: logged in
2025-01-22 22:05:57.900+0000 INFO  [neo4j]: logged in
2025-01-22 22:10:27.385+0000 INFO  [neo4j]: logged in
2025-01-22 22:13:20.928+0000 INFO  [neo4j]: logged in
2025-01-22 22:16:02.045+0000 INFO  [neo4j]: logged in
2025-01-22 22:16:02.045+0000 INFO  [neo4j]: logged in
2025-01-22 22:17:49.322+0000 INFO  [neo4j]: logged in
2025-01-22 22:17:49.322+0000 INFO  [neo4j]: logged in
2025-01-22 22:18:10.317+0000 INFO  [neo4j]: logged in
2025-01-22 22:20:07.846+0000 INFO  [neo4j]: logged in
2025-01-22 22:22:54.645+0000 INFO  [neo4j]: logged in
2025-01-22 22:22:54.645+0000 INFO  [neo4j]: logged in
2025-01-22 22:31:52.465+0000 INFO  [neo4j]: logged in
2025-01-22 22:31:57.203+0000 INFO  [neo4j]: logged in
2025-01-22 22:31:57.207+0000 INFO  [neo4j]: logged in
2025-01-22 22:48:27.820+0000 INFO  [neo4j]: logged in
2025-01-22 22:48:27.820+0000 INFO  [neo4j]: logged in
2025-01-22 22:48:27.820+0000 INFO  [neo4j]: logged in
2025-01-22 22:49:59.816+0000 INFO  [neo4j]: logged in
2025-01-22 22:51:07.174+0000 INFO  [neo4j]: logged in
2025-01-22 22:51:07.174+0000 INFO  [neo4j]: logged in
2025-01-22 22:53:07.075+0000 INFO  [neo4j]: logged in
2025-01-22 22:56:12.716+0000 INFO  [neo4j]: logged in
2025-01-22 22:57:41.676+0000 INFO  [neo4j]: logged in
2025-01-22 22:58:46.391+0000 INFO  [neo4j]: logged in
2025-01-22 23:00:34.883+0000 INFO  [neo4j]: logged in
2025-01-22 23:00:45.580+0000 INFO  [neo4j]: logged in
2025-01-22 23:00:45.580+0000 INFO  [neo4j]: logged in
2025-01-22 23:02:06.279+0000 INFO  [neo4j]: logged in
2025-01-22 23:03:36.773+0000 INFO  [neo4j]: logged in
2025-01-22 23:03:36.773+0000 INFO  [neo4j]: logged in
2025-01-22 23:03:36.773+0000 INFO  [neo4j]: logged in
2025-01-22 23:05:59.681+0000 INFO  [neo4j]: logged in
2025-01-22 23:05:59.681+0000 INFO  [neo4j]: logged in
2025-01-22 23:05:59.681+0000 INFO  [neo4j]: logged in
2025-01-22 23:06:28.344+0000 INFO  [neo4j]: logged in
2025-01-22 23:06:28.344+0000 INFO  [neo4j]: logged in
2025-01-22 23:06:28.344+0000 INFO  [neo4j]: logged in
2025-01-22 23:08:23.861+0000 INFO  [neo4j]: logged in
2025-01-22 23:08:23.861+0000 INFO  [neo4j]: logged in
2025-01-22 23:08:23.861+0000 INFO  [neo4j]: logged in
2025-01-22 23:09:36.418+0000 INFO  [neo4j]: logged in
2025-01-22 23:09:36.830+0000 INFO  [neo4j]: logged in
2025-01-22 23:09:36.846+0000 INFO  [neo4j]: logged in
2025-01-22 23:09:36.863+0000 INFO  [neo4j]: logged in
2025-01-22 23:09:36.882+0000 INFO  [neo4j]: logged in
2025-01-22 23:09:36.924+0000 INFO  [neo4j]: logged in
2025-01-22 23:11:20.238+0000 INFO  [neo4j]: logged in
2025-01-22 23:13:37.608+0000 INFO  [neo4j]: logged in
2025-01-22 23:13:37.608+0000 INFO  [neo4j]: logged in
2025-01-22 23:13:37.608+0000 INFO  [neo4j]: logged in
2025-01-22 23:16:55.207+0000 INFO  [neo4j]: logged in
2025-01-22 23:17:18.904+0000 INFO  [neo4j]: logged in
2025-01-22 23:17:44.968+0000 INFO  [neo4j]: logged in
2025-01-22 23:22:26.379+0000 INFO  [neo4j]: logged in
2025-01-22 23:23:39.973+0000 INFO  [neo4j]: logged in
2025-01-22 23:24:16.450+0000 INFO  [neo4j]: logged in
2025-01-22 23:25:48.328+0000 INFO  [neo4j]: logged in
2025-01-28 12:28:12.142+0000 INFO  Performing postInitialization step for component 'security-users' with version 3 and status CURRENT
2025-01-28 12:28:12.144+0000 INFO  Updating the initial password in component 'security-users'
2025-01-28 12:28:24.116+0000 INFO  [neo4j]: logged in
2025-01-28 12:28:24.116+0000 INFO  [neo4j]: logged in
2025-01-28 12:41:43.692+0000 INFO  [neo4j]: logged in
2025-01-28 13:31:01.434+0000 INFO  [neo4j]: logged in
2025-01-28 13:33:56.065+0000 INFO  [neo4j]: logged in
2025-01-28 13:42:35.352+0000 INFO  [neo4j]: logged in
2025-01-28 21:03:00.981+0000 INFO  Performing postInitialization step for component 'security-users' with version 3 and status CURRENT
2025-01-28 21:03:00.983+0000 INFO  Updating the initial password in component 'security-users'
2025-01-28 22:43:35.668+0000 INFO  [neo4j]: logged in
2025-01-28 22:45:45.440+0000 INFO  [neo4j]: logged in
2025-01-28 22:46:25.210+0000 INFO  [neo4j]: logged in
2025-01-28 22:48:23.724+0000 INFO  [neo4j]: logged in
2025-01-28 22:50:54.835+0000 INFO  [neo4j]: logged in
2025-01-28 23:00:32.207+0000 INFO  [neo4j]: logged in
2025-01-28 23:01:42.388+0000 INFO  [neo4j]: logged in
2025-01-28 23:02:26.604+0000 INFO  [neo4j]: logged in
2025-01-28 23:04:15.692+0000 INFO  [neo4j]: logged in
2025-01-28 23:04:16.087+0000 INFO  [neo4j]: logged in
2025-01-28 23:04:16.128+0000 INFO  [neo4j]: logged in
2025-01-28 23:04:16.154+0000 INFO  [neo4j]: logged in
2025-01-28 23:04:16.164+0000 INFO  [neo4j]: logged in
2025-01-28 23:04:16.186+0000 INFO  [neo4j]: logged in
2025-01-28 23:06:19.553+0000 INFO  [neo4j]: logged in
2025-01-28 23:06:50.258+0000 INFO  [neo4j]: logged in
2025-01-28 23:13:01.614+0000 INFO  [neo4j]: logged in
2025-01-28 23:14:23.774+0000 INFO  [neo4j]: logged in
2025-01-28 23:16:48.026+0000 INFO  [neo4j]: logged in
2025-01-28 23:23:39.793+0000 INFO  [neo4j]: logged in
2025-01-28 23:23:39.955+0000 INFO  [neo4j]: logged in
2025-01-28 23:23:39.967+0000 INFO  [neo4j]: logged in
2025-01-28 23:23:39.980+0000 INFO  [neo4j]: logged in
2025-01-28 23:23:39.994+0000 INFO  [neo4j]: logged in
2025-01-28 23:23:40.008+0000 INFO  [neo4j]: logged in
2025-01-28 23:35:42.766+0000 INFO  [neo4j]: logged in
2025-01-28 23:37:12.586+0000 INFO  [neo4j]: logged in
2025-01-28 23:39:07.164+0000 INFO  [neo4j]: logged in
2025-01-28 23:39:59.895+0000 INFO  [neo4j]: logged in
2025-01-28 23:40:29.494+0000 INFO  [neo4j]: logged in
2025-01-28 23:40:40.922+0000 INFO  [neo4j]: logged in
2025-01-28 23:42:17.444+0000 INFO  [neo4j]: logged in
2025-01-28 23:42:32.444+0000 INFO  [neo4j]: logged in
2025-01-28 23:43:23.176+0000 INFO  [neo4j]: logged in
2025-01-30 21:44:15.028+0000 INFO  Performing postInitialization step for component 'security-users' with version 3 and status CURRENT
2025-01-30 21:44:15.030+0000 INFO  Updating the initial password in component 'security-users'
2025-01-30 21:48:08.546+0000 INFO  Performing postInitialization step for component 'security-users' with version 3 and status CURRENT
2025-01-30 21:48:08.548+0000 INFO  Updating the initial password in component 'security-users'
2025-01-30 21:48:15.997+0000 INFO  [neo4j]: logged in
2025-01-30 21:48:15.997+0000 INFO  [neo4j]: logged in
2025-01-30 21:48:53.324+0000 INFO  [neo4j]: logged in
2025-01-30 22:24:23.863+0000 INFO  Performing postInitialization step for component 'security-users' with version 3 and status CURRENT
2025-01-30 22:24:23.866+0000 INFO  Updating the initial password in component 'security-users'
2025-01-30 22:30:31.816+0000 INFO  Performing postInitialization step for component 'security-users' with version 3 and status CURRENT
2025-01-30 22:30:31.820+0000 INFO  Updating the initial password in component 'security-users'
2025-01-30 22:30:34.961+0000 INFO  [neo4j]: logged in
2025-01-30 22:30:34.961+0000 INFO  [neo4j]: logged in
2025-01-30 22:30:36.180+0000 INFO  [neo4j]: logged in
2025-01-30 22:30:36.180+0000 INFO  [neo4j]: logged in
2025-01-30 22:34:52.728+0000 INFO  [neo4j]: logged in
2025-01-30 22:36:59.494+0000 INFO  [neo4j]: logged in
2025-01-30 22:36:59.497+0000 INFO  [neo4j]: logged in
2025-01-30 22:37:10.596+0000 INFO  [neo4j]: logged in
2025-01-30 22:37:10.596+0000 INFO  [neo4j]: logged in
2025-01-30 22:37:10.596+0000 INFO  [neo4j]: logged in
2025-01-30 22:45:52.537+0000 INFO  [neo4j]: logged in
2025-01-30 22:45:52.913+0000 INFO  [neo4j]: logged in
2025-01-30 22:45:52.947+0000 INFO  [neo4j]: logged in
2025-01-30 22:45:52.962+0000 INFO  [neo4j]: logged in
2025-01-30 22:45:52.978+0000 INFO  [neo4j]: logged in
2025-01-30 22:45:53.001+0000 INFO  [neo4j]: logged in
2025-01-30 22:51:35.487+0000 INFO  [neo4j]: logged in
2025-01-30 22:58:15.344+0000 INFO  [neo4j]: logged in
2025-01-30 22:58:15.344+0000 INFO  [neo4j]: logged in
2025-01-30 23:00:05.903+0000 INFO  [neo4j]: logged in
2025-01-30 23:03:44.567+0000 INFO  [neo4j]: logged in
2025-01-30 23:03:44.567+0000 INFO  [neo4j]: logged in
2025-01-30 23:03:44.585+0000 INFO  [neo4j]: logged in
2025-01-30 23:09:50.434+0000 INFO  [neo4j]: logged in
2025-01-30 23:09:50.434+0000 INFO  [neo4j]: logged in
2025-01-30 23:11:37.787+0000 INFO  [neo4j]: logged in
2025-01-30 23:13:13.294+0000 INFO  [neo4j]: logged in
2025-01-30 23:13:15.635+0000 INFO  [neo4j]: logged in
2025-01-30 23:13:15.635+0000 INFO  [neo4j]: logged in
2025-01-30 23:17:39.114+0000 INFO  [neo4j]: logged in
2025-01-30 23:20:56.627+0000 INFO  [neo4j]: logged in
2025-01-30 23:20:56.627+0000 INFO  [neo4j]: logged in
2025-01-30 23:20:56.627+0000 INFO  [neo4j]: logged in
2025-01-30 23:37:11.426+0000 INFO  [neo4j]: logged in
2025-01-30 23:38:55.029+0000 INFO  [neo4j]: logged in
2025-01-30 23:38:55.029+0000 INFO  [neo4j]: logged in
2025-01-30 23:39:32.389+0000 INFO  [neo4j]: logged in
2025-01-30 23:39:32.390+0000 INFO  [neo4j]: logged in
2025-01-30 23:46:39.232+0000 INFO  [neo4j]: logged in
2025-01-30 23:46:39.263+0000 INFO  [neo4j]: logged in
2025-02-01 21:45:42.285+0000 INFO  Performing postInitialization step for component 'security-users' with version 3 and status CURRENT
2025-02-01 21:45:42.287+0000 INFO  Updating the initial password in component 'security-users'
2025-02-01 21:56:20.759+0000 INFO  [neo4j]: logged in
2025-02-02 11:22:57.506+0000 INFO  Performing postInitialization step for component 'security-users' with version 3 and status CURRENT
2025-02-02 11:22:57.532+0000 INFO  Updating the initial password in component 'security-users'
2025-02-02 11:23:31.345+0000 INFO  Performing postInitialization step for component 'security-users' with version 3 and status CURRENT
2025-02-02 11:23:31.345+0000 INFO  Updating the initial password in component 'security-users'
2025-02-02 11:23:44.941+0000 INFO  [neo4j]: logged in
2025-02-02 11:49:47.811+0000 INFO  [neo4j]: logged in
2025-02-02 12:04:35.763+0000 INFO  [neo4j]: logged in
2025-02-02 12:19:21.059+0000 INFO  [neo4j]: logged in
2025-02-02 12:19:46.133+0000 INFO  [neo4j]: logged in
2025-02-02 12:19:46.681+0000 INFO  [neo4j]: logged in
2025-02-02 12:19:46.750+0000 INFO  [neo4j]: logged in
2025-02-02 12:19:46.770+0000 INFO  [neo4j]: logged in
2025-02-02 12:19:46.789+0000 INFO  [neo4j]: logged in
2025-02-02 12:19:46.810+0000 INFO  [neo4j]: logged in
2025-02-02 12:20:17.811+0000 INFO  [neo4j]: logged in
2025-02-02 12:21:02.388+0000 INFO  [neo4j]: logged in
2025-02-02 12:21:32.758+0000 INFO  [neo4j]: logged in
2025-02-02 12:21:32.914+0000 INFO  [neo4j]: logged in
2025-02-02 12:21:32.943+0000 INFO  [neo4j]: logged in
2025-02-02 12:21:32.959+0000 INFO  [neo4j]: logged in
2025-02-02 12:21:32.973+0000 INFO  [neo4j]: logged in
2025-02-02 12:21:32.991+0000 INFO  [neo4j]: logged in
2025-02-02 12:21:56.682+0000 INFO  [neo4j]: logged in
2025-02-02 12:22:52.259+0000 INFO  [neo4j]: logged in
2025-02-02 12:23:27.868+0000 INFO  [neo4j]: logged in
2025-02-02 12:24:02.049+0000 INFO  [neo4j]: logged in
2025-02-02 12:24:32.231+0000 INFO  [neo4j]: logged in
2025-02-04 23:07:25.414+0000 INFO  Performing postInitialization step for component 'security-users' with version 3 and status CURRENT
2025-02-04 23:07:25.416+0000 INFO  Updating the initial password in component 'security-users'
2025-02-05 21:13:45.665+0000 INFO  Performing postInitialization step for component 'security-users' with version 3 and status CURRENT
2025-02-05 21:13:45.667+0000 INFO  Updating the initial password in component 'security-users'
2025-02-05 21:13:48.865+0000 INFO  [neo4j]: logged in
2025-02-05 21:13:50.399+0000 INFO  [neo4j]: logged in
2025-02-05 21:13:50.464+0000 INFO  [neo4j]: logged in
2025-02-05 21:13:50.516+0000 INFO  [neo4j]: logged in
2025-02-05 21:13:50.571+0000 INFO  [neo4j]: logged in
2025-02-05 21:13:50.622+0000 INFO  [neo4j]: logged in
2025-02-10 14:48:45.261+0000 INFO  Performing postInitialization step for component 'security-users' with version 3 and status CURRENT
2025-02-10 14:48:45.264+0000 INFO  Updating the initial password in component 'security-users'
2025-02-10 14:50:16.264+0000 INFO  [neo4j]: logged in
2025-02-10 14:50:18.102+0000 INFO  [neo4j]: logged in
2025-02-10 14:52:43.569+0000 INFO  [neo4j]: logged in
2025-02-10 15:20:42.970+0000 INFO  [neo4j]: logged in
2025-02-10 15:20:42.970+0000 INFO  [neo4j]: logged in
2025-02-10 15:20:42.970+0000 INFO  [neo4j]: logged in
2025-02-10 15:20:42.970+0000 INFO  [neo4j]: logged in
2025-02-10 15:20:42.970+0000 INFO  [neo4j]: logged in
2025-02-10 15:20:42.970+0000 INFO  [neo4j]: logged in
2025-02-10 15:23:19.129+0000 INFO  [neo4j]: logged in
2025-02-10 15:23:19.129+0000 INFO  [neo4j]: logged in
2025-02-10 15:27:40.269+0000 INFO  [neo4j]: logged in
2025-02-10 15:53:08.100+0000 INFO  [neo4j]: logged in
2025-02-10 15:56:02.873+0000 INFO  [neo4j]: logged in
2025-02-10 15:56:02.873+0000 INFO  [neo4j]: logged in
2025-02-10 15:56:03.072+0000 INFO  [neo4j]: logged in
2025-02-10 19:32:28.144+0000 INFO  Performing postInitialization step for component 'security-users' with version 3 and status CURRENT
2025-02-10 19:32:28.145+0000 INFO  Updating the initial password in component 'security-users'
2025-02-10 21:04:54.075+0000 INFO  Performing postInitialization step for component 'security-users' with version 3 and status CURRENT
2025-02-10 21:04:54.077+0000 INFO  Updating the initial password in component 'security-users'
2025-02-10 21:05:07.851+0000 INFO  [neo4j]: logged in
2025-02-10 21:08:02.638+0000 INFO  [neo4j]: logged in
2025-02-10 21:27:14.873+0000 INFO  [neo4j]: logged in
2025-02-10 21:48:14.854+0000 INFO  [neo4j]: logged in
2025-02-10 21:56:36.594+0000 INFO  [neo4j]: logged in
2025-02-10 21:56:37.035+0000 INFO  [neo4j]: logged in
2025-02-10 21:56:37.073+0000 INFO  [neo4j]: logged in
2025-02-10 21:56:37.090+0000 INFO  [neo4j]: logged in
2025-02-10 21:56:37.107+0000 INFO  [neo4j]: logged in
2025-02-10 21:56:37.126+0000 INFO  [neo4j]: logged in
2025-02-10 21:59:22.214+0000 INFO  [neo4j]: logged in
2025-02-10 22:57:11.224+0000 INFO  [neo4j]: logged in
2025-02-10 22:57:11.250+0000 INFO  [neo4j]: logged in
2025-02-11 08:34:58.261+0000 INFO  Performing postInitialization step for component 'security-users' with version 3 and status CURRENT
2025-02-11 08:34:58.263+0000 INFO  Updating the initial password in component 'security-users'
2025-02-11 08:36:03.397+0000 INFO  [neo4j]: logged in
2025-02-11 08:36:07.737+0000 INFO  [neo4j]: logged in
2025-02-11 08:42:05.466+0000 INFO  [neo4j]: logged in
2025-02-11 08:42:05.521+0000 INFO  [neo4j]: logged in
2025-02-11 08:44:15.744+0000 INFO  [neo4j]: logged in
2025-02-11 08:44:16.455+0000 INFO  [neo4j]: logged in
2025-02-11 08:44:16.470+0000 INFO  [neo4j]: logged in
2025-02-11 08:44:16.498+0000 INFO  [neo4j]: logged in
2025-02-11 08:44:16.507+0000 INFO  [neo4j]: logged in
2025-02-11 08:44:16.549+0000 INFO  [neo4j]: logged in
2025-02-11 08:47:31.658+0000 INFO  [neo4j]: logged in
2025-02-11 08:47:33.424+0000 INFO  [neo4j]: logged in
2025-02-11 08:56:21.407+0000 INFO  [neo4j]: logged in
2025-02-11 08:56:27.367+0000 INFO  [neo4j]: logged in
2025-02-11 08:58:10.912+0000 INFO  [neo4j]: logged in
2025-02-11 08:58:11.033+0000 INFO  [neo4j]: logged in
2025-02-11 08:58:11.075+0000 INFO  [neo4j]: logged in
2025-02-11 08:58:11.091+0000 INFO  [neo4j]: logged in
2025-02-11 08:58:11.105+0000 INFO  [neo4j]: logged in
2025-02-11 08:58:11.121+0000 INFO  [neo4j]: logged in
2025-02-11 08:58:49.974+0000 INFO  [neo4j]: logged in
2025-02-11 08:58:56.988+0000 INFO  [neo4j]: logged in
2025-02-11 09:01:07.726+0000 INFO  [neo4j]: logged in
2025-02-11 09:01:07.726+0000 INFO  [neo4j]: logged in
2025-02-11 09:06:06.406+0000 INFO  [neo4j]: logged in
2025-02-11 09:06:06.406+0000 INFO  [neo4j]: logged in
2025-02-11 09:06:48.074+0000 INFO  [neo4j]: logged in
2025-02-11 09:06:48.074+0000 INFO  [neo4j]: logged in
2025-02-11 09:16:55.194+0000 INFO  [neo4j]: logged in
2025-02-11 09:19:44.501+0000 INFO  [neo4j]: logged in
2025-02-11 09:20:19.842+0000 INFO  [neo4j]: logged in
2025-02-11 09:20:25.094+0000 INFO  [neo4j]: logged in
2025-02-11 09:59:10.088+0000 INFO  [neo4j]: logged in
2025-02-11 09:59:10.119+0000 INFO  [neo4j]: logged in
2025-02-11 10:59:10.115+0000 INFO  [neo4j]: logged in
2025-02-11 11:00:10.026+0000 INFO  [neo4j]: logged in
2025-02-11 12:00:09.981+0000 INFO  [neo4j]: logged in
2025-02-11 12:01:10.004+0000 INFO  [neo4j]: logged in
2025-02-11 12:17:10.004+0000 INFO  [neo4j]: logged in
2025-02-11 13:00:09.995+0000 INFO  [neo4j]: logged in
2025-02-11 13:02:09.997+0000 INFO  [neo4j]: logged in
2025-02-11 14:01:09.725+0000 INFO  [neo4j]: logged in
2025-02-11 14:03:09.738+0000 INFO  [neo4j]: logged in
2025-02-11 15:02:09.622+0000 INFO  [neo4j]: logged in
2025-02-11 15:04:09.638+0000 INFO  [neo4j]: logged in
2025-02-11 15:25:55.124+0000 INFO  [neo4j]: logged in
2025-02-11 15:26:21.126+0000 INFO  [neo4j]: logged in
2025-02-11 15:26:21.128+0000 INFO  [neo4j]: logged in
2025-02-11 15:26:21.140+0000 INFO  [neo4j]: logged in
2025-02-11 15:26:21.156+0000 INFO  [neo4j]: logged in
2025-02-11 15:26:21.155+0000 INFO  [neo4j]: logged in
2025-02-11 15:27:23.274+0000 INFO  [neo4j]: logged in
2025-02-11 15:27:23.274+0000 INFO  [neo4j]: logged in
2025-02-11 15:27:23.274+0000 INFO  [neo4j]: logged in
2025-02-11 15:27:23.274+0000 INFO  [neo4j]: logged in
2025-02-11 15:27:23.274+0000 INFO  [neo4j]: logged in
2025-02-11 15:27:23.274+0000 INFO  [neo4j]: logged in
2025-02-11 15:27:53.309+0000 INFO  Performing postInitialization step for component 'security-users' with version 3 and status CURRENT
2025-02-11 15:27:53.310+0000 INFO  Updating the initial password in component 'security-users'
2025-02-11 15:28:04.782+0000 INFO  [neo4j]: logged in
2025-02-11 15:28:04.786+0000 INFO  [neo4j]: logged in
2025-02-11 15:28:04.887+0000 INFO  [neo4j]: logged in
2025-02-11 15:28:24.075+0000 INFO  [neo4j]: logged in
2025-02-11 15:29:17.362+0000 INFO  [neo4j]: logged in
2025-02-11 15:29:27.595+0000 INFO  [neo4j]: logged in
2025-02-11 15:33:54.569+0000 INFO  [neo4j]: logged in
2025-02-11 15:33:54.569+0000 INFO  [neo4j]: logged in
2025-02-11 15:33:54.569+0000 INFO  [neo4j]: logged in
2025-02-11 15:47:26.492+0000 INFO  [neo4j]: logged in
2025-02-11 15:56:28.692+0000 INFO  [neo4j]: logged in
2025-02-11 15:56:28.692+0000 INFO  [neo4j]: logged in
2025-02-11 15:56:28.692+0000 INFO  [neo4j]: logged in
2025-02-11 15:57:05.335+0000 INFO  [neo4j]: logged in
2025-02-11 15:57:05.335+0000 INFO  [neo4j]: logged in
2025-02-11 15:57:05.335+0000 INFO  [neo4j]: logged in
2025-02-11 15:58:27.217+0000 INFO  [neo4j]: logged in
2025-02-11 15:58:27.239+0000 INFO  [neo4j]: logged in
2025-02-11 15:58:27.251+0000 INFO  [neo4j]: logged in
2025-02-11 16:27:41.035+0000 INFO  [neo4j]: logged in
2025-02-11 16:28:09.580+0000 INFO  [neo4j]: logged in
2025-02-11 16:28:09.599+0000 INFO  [neo4j]: logged in
2025-02-11 16:28:09.619+0000 INFO  [neo4j]: logged in
2025-02-11 16:29:42.897+0000 INFO  [neo4j]: logged in
2025-02-11 16:30:33.163+0000 INFO  [neo4j]: logged in
2025-02-11 16:58:43.099+0000 INFO  [neo4j]: logged in
2025-02-11 16:59:29.898+0000 INFO  [neo4j]: logged in
2025-02-11 16:59:51.544+0000 INFO  [neo4j]: logged in
2025-02-11 17:05:54.325+0000 INFO  [neo4j]: logged in
2025-02-11 17:07:51.846+0000 INFO  [neo4j]: logged in
2025-02-11 17:10:01.489+0000 INFO  [neo4j]: logged in
2025-02-11 17:16:20.907+0000 INFO  [neo4j]: logged in
2025-02-11 17:16:20.907+0000 INFO  [neo4j]: logged in
2025-02-11 17:16:20.912+0000 INFO  [neo4j]: logged in
2025-02-11 17:16:20.912+0000 INFO  [neo4j]: logged in
2025-02-11 17:16:20.914+0000 INFO  [neo4j]: logged in
2025-02-11 17:28:09.623+0000 INFO  [neo4j]: logged in
2025-02-11 17:29:09.552+0000 INFO  [neo4j]: logged in
2025-02-11 18:16:54.902+0000 INFO  [neo4j]: logged in
2025-02-11 18:29:09.375+0000 INFO  [neo4j]: logged in
2025-02-11 18:29:09.386+0000 INFO  [neo4j]: logged in
2025-02-11 18:30:09.362+0000 INFO  [neo4j]: logged in
2025-02-11 19:30:09.244+0000 INFO  [neo4j]: logged in
2025-02-11 19:31:09.261+0000 INFO  [neo4j]: logged in
2025-02-11 19:44:09.233+0000 INFO  [neo4j]: logged in
2025-02-11 20:30:09.278+0000 INFO  [neo4j]: logged in
2025-02-11 20:32:09.197+0000 INFO  [neo4j]: logged in
2025-02-11 21:09:09.199+0000 INFO  [neo4j]: logged in
2025-02-11 21:31:09.163+0000 INFO  [neo4j]: logged in
2025-02-11 21:33:09.162+0000 INFO  [neo4j]: logged in
2025-02-11 22:26:09.067+0000 INFO  [neo4j]: logged in
2025-02-11 22:32:09.035+0000 INFO  [neo4j]: logged in
2025-02-11 22:34:09.063+0000 INFO  [neo4j]: logged in
2025-02-11 23:33:08.908+0000 INFO  [neo4j]: logged in
2025-02-11 23:33:08.928+0000 INFO  [neo4j]: logged in
2025-02-11 23:35:08.920+0000 INFO  [neo4j]: logged in
2025-02-12 00:33:08.944+0000 INFO  [neo4j]: logged in
2025-02-12 00:36:08.856+0000 INFO  [neo4j]: logged in
2025-02-12 11:00:44.214+0000 INFO  Performing postInitialization step for component 'security-users' with version 3 and status CURRENT
2025-02-12 11:00:44.219+0000 INFO  Updating the initial password in component 'security-users'
2025-02-12 11:01:00.577+0000 INFO  [neo4j]: logged in
2025-02-12 11:01:05.469+0000 INFO  [neo4j]: logged in
2025-02-12 11:01:05.469+0000 INFO  [neo4j]: logged in
2025-02-12 12:28:52.519+0000 INFO  Performing postInitialization step for component 'security-users' with version 3 and status CURRENT
2025-02-12 12:28:52.520+0000 INFO  Updating the initial password in component 'security-users'
2025-02-12 12:29:04.988+0000 INFO  [neo4j]: logged in
2025-02-12 12:29:04.988+0000 INFO  [neo4j]: logged in
2025-02-12 12:29:04.988+0000 INFO  [neo4j]: logged in
2025-02-12 12:58:20.194+0000 INFO  [neo4j]: logged in
2025-02-12 12:58:20.633+0000 INFO  [neo4j]: logged in
2025-02-12 12:58:20.694+0000 INFO  [neo4j]: logged in
2025-02-12 12:58:20.712+0000 INFO  [neo4j]: logged in
2025-02-12 12:58:20.729+0000 INFO  [neo4j]: logged in
2025-02-12 12:58:20.748+0000 INFO  [neo4j]: logged in
2025-03-11 12:10:10.686+0000 INFO  Performing postInitialization step for component 'security-users' with version 3 and status CURRENT
2025-03-11 12:10:10.688+0000 INFO  Updating the initial password in component 'security-users'
2025-03-11 12:10:27.981+0000 INFO  [neo4j]: logged in
2025-03-11 12:13:22.406+0000 INFO  [neo4j]: logged in
2025-03-11 12:13:22.424+0000 INFO  [neo4j]: logged in
2025-06-16 18:12:23.825+0000 INFO  Performing postInitialization step for component 'security-users' with version 3 and status CURRENT
2025-06-16 18:12:23.826+0000 INFO  Updating the initial password in component 'security-users'
2025-06-16 18:29:26.007+0000 INFO  [neo4j]: logged in
2025-06-16 18:30:20.659+0000 INFO  [neo4j]: logged in
2025-06-16 18:30:20.663+0000 INFO  [neo4j]: logged in
2025-07-09 17:54:25.793+0000 INFO  Performing postInitialization step for component 'security-users' with version 3 and status CURRENT
2025-07-09 17:54:25.796+0000 INFO  Updating the initial password in component 'security-users'
2025-07-09 17:54:50.299+0000 INFO  [neo4j]: logged in
2025-07-09 17:54:55.519+0000 INFO  [neo4j]: logged in
2025-07-09 17:54:55.532+0000 INFO  [neo4j]: logged in
2025-07-10 14:38:38.095+0000 INFO  Performing postInitialization step for component 'security-users' with version 3 and status CURRENT
2025-07-10 14:38:38.095+0000 INFO  Updating the initial password in component 'security-users'
2025-07-10 14:38:59.779+0000 INFO  [neo4j]: logged in
2025-07-10 14:38:59.779+0000 INFO  [neo4j]: logged in
2025-07-10 14:38:59.779+0000 INFO  [neo4j]: logged in
